<?xml version="1.0" encoding="UTF-8"?>
<Site BuildName="(empty)"
	BuildStamp="20240402-0610-Experimental"
	Name="GTX-3060-2"
	Generator="ctest-3.16.3"
	CompilerName="/usr/bin/c++"
	CompilerVersion="9.4.0"
	OSName="Linux"
	Hostname="GTX-3060-2"
	OSRelease="5.15.0-101-generic"
	OSVersion="#111~20.04.1-Ubuntu SMP Mon Mar 11 15:44:43 UTC 2024"
	OSPlatform="x86_64"
	Is64Bits="1"
	VendorString="GenuineIntel"
	VendorID="Intel Corporation"
	FamilyID="6"
	ModelID="151"
	ProcessorCacheSize="25600"
	NumberOfLogicalCPU="20"
	NumberOfPhysicalCPU="12"
	TotalVirtualMemory="2047"
	TotalPhysicalMemory="31833"
	LogicalProcessorsPerPhysical="1"
	ProcessorClockFrequency="4837.82"
	>
	<Testing>
		<StartDateTime>Apr 02 08:10 CEST</StartDateTime>
		<StartTestTime>1712038246</StartTestTime>
		<TestList/>
		<EndDateTime>Apr 02 08:10 CEST</EndDateTime>
		<EndTestTime>1712038246</EndTestTime>
		<ElapsedMinutes>0</ElapsedMinutes>
	</Testing>
</Site>
